This file contains any messages produced by compilers while
running configure, to aid debugging if configure makes a mistake.

It was created by configure, which was
generated by GNU Autoconf 2.61.  Invocation command line was

  $ ./configure --disable-shared --with-pathseparator=; --with-dirseparator=/ --with-smipath=/usr/share/apps/snmpb/mibs;/usr/share/apps/snmpb/pibs

## --------- ##
## Platform. ##
## --------- ##

hostname = mahmutbulut
uname -m = x86_64
uname -r = 3.13.0-30-generic
uname -s = Linux
uname -v = #55-Ubuntu SMP Fri Jul 4 21:40:53 UTC 2014

/usr/bin/uname -p = unknown
/bin/uname -X     = unknown

/bin/arch              = unknown
/usr/bin/arch -k       = unknown
/usr/convex/getsysinfo = unknown
/usr/bin/hostinfo      = unknown
/bin/machine           = unknown
/usr/bin/oslevel       = unknown
/bin/universe          = unknown

PATH: /home/vertexclique/.rvm/gems/ruby-2.1.2/bin
PATH: /home/vertexclique/.rvm/gems/ruby-2.1.2@global/bin
PATH: /home/vertexclique/.rvm/rubies/ruby-2.1.2/bin
PATH: /usr/local/sbin
PATH: /usr/local/bin
PATH: /usr/sbin
PATH: /usr/bin
PATH: /sbin
PATH: /bin
PATH: /usr/games
PATH: /usr/local/games
PATH: /home/vertexclique/.rvm/bin
PATH: /usr/local/sbin
PATH: /usr/local/bin
PATH: /usr/sbin
PATH: /usr/bin
PATH: /sbin
PATH: /bin
PATH: /usr/games
PATH: /usr/local/games
PATH: /home/vertexclique/.rvm/bin


## ----------- ##
## Core tests. ##
## ----------- ##

configure:2008: checking for a BSD-compatible install
configure:2064: result: /usr/bin/install -c
configure:2075: checking whether build environment is sane
configure:2118: result: yes
configure:2146: checking for a thread-safe mkdir -p
configure:2185: result: /bin/mkdir -p
configure:2198: checking for gawk
configure:2214: found /usr/bin/gawk
configure:2225: result: gawk
configure:2236: checking whether make sets $(MAKE)
configure:2257: result: yes
configure:2515: checking for gcc
configure:2531: found /usr/bin/gcc
configure:2542: result: gcc
configure:2780: checking for C compiler version
configure:2787: gcc --version >&5
gcc (Ubuntu 4.8.2-19ubuntu1) 4.8.2
Copyright (C) 2013 Free Software Foundation, Inc.
This is free software; see the source for copying conditions.  There is NO
warranty; not even for MERCHANTABILITY or FITNESS FOR A PARTICULAR PURPOSE.

configure:2790: $? = 0
configure:2797: gcc -v >&5
Using built-in specs.
COLLECT_GCC=gcc
COLLECT_LTO_WRAPPER=/usr/lib/gcc/x86_64-linux-gnu/4.8/lto-wrapper
Target: x86_64-linux-gnu
Configured with: ../src/configure -v --with-pkgversion='Ubuntu 4.8.2-19ubuntu1' --with-bugurl=file:///usr/share/doc/gcc-4.8/README.Bugs --enable-languages=c,c++,java,go,d,fortran,objc,obj-c++ --prefix=/usr --program-suffix=-4.8 --enable-shared --enable-linker-build-id --libexecdir=/usr/lib --without-included-gettext --enable-threads=posix --with-gxx-include-dir=/usr/include/c++/4.8 --libdir=/usr/lib --enable-nls --with-sysroot=/ --enable-clocale=gnu --enable-libstdcxx-debug --enable-libstdcxx-time=yes --enable-gnu-unique-object --disable-libmudflap --enable-plugin --with-system-zlib --disable-browser-plugin --enable-java-awt=gtk --enable-gtk-cairo --with-java-home=/usr/lib/jvm/java-1.5.0-gcj-4.8-amd64/jre --enable-java-home --with-jvm-root-dir=/usr/lib/jvm/java-1.5.0-gcj-4.8-amd64 --with-jvm-jar-dir=/usr/lib/jvm-exports/java-1.5.0-gcj-4.8-amd64 --with-arch-directory=amd64 --with-ecj-jar=/usr/share/java/eclipse-ecj.jar --enable-objc-gc --enable-multiarch --disable-werror --with-arch-32=i686 --with-abi=m64 --with-multilib-list=m32,m64,mx32 --with-tune=generic --enable-checking=release --build=x86_64-linux-gnu --host=x86_64-linux-gnu --target=x86_64-linux-gnu
Thread model: posix
gcc version 4.8.2 (Ubuntu 4.8.2-19ubuntu1) 
configure:2800: $? = 0
configure:2807: gcc -V >&5
gcc: error: unrecognized command line option '-V'
gcc: fatal error: no input files
compilation terminated.
configure:2810: $? = 4
configure:2833: checking for C compiler default output file name
configure:2860: gcc    conftest.c  >&5
configure:2863: $? = 0
configure:2901: result: a.out
configure:2918: checking whether the C compiler works
configure:2928: ./a.out
configure:2931: $? = 0
configure:2948: result: yes
configure:2955: checking whether we are cross compiling
configure:2957: result: no
configure:2960: checking for suffix of executables
configure:2967: gcc -o conftest    conftest.c  >&5
configure:2970: $? = 0
configure:2994: result: 
configure:3000: checking for suffix of object files
configure:3026: gcc -c   conftest.c >&5
configure:3029: $? = 0
configure:3052: result: o
configure:3056: checking whether we are using the GNU C compiler
configure:3085: gcc -c   conftest.c >&5
configure:3091: $? = 0
configure:3108: result: yes
configure:3113: checking whether gcc accepts -g
configure:3143: gcc -c -g  conftest.c >&5
configure:3149: $? = 0
configure:3248: result: yes
configure:3265: checking for gcc option to accept ISO C89
configure:3339: gcc  -c -g -O2  conftest.c >&5
configure:3345: $? = 0
configure:3368: result: none needed
configure:3397: checking for style of include used by make
configure:3425: result: GNU
configure:3450: checking dependency style of gcc
configure:3541: result: gcc3
configure:3563: checking for additional required compiler flags
configure:3591: gcc -o conftest -g -O2   conftest.c  >&5
conftest.c: In function 'main':
conftest.c:17:9: warning: incompatible implicit declaration of built-in function 'exit' [enabled by default]
         exit(1);
         ^
configure:3594: $? = 0
configure:3600: ./conftest
configure:3603: $? = 1
configure: program exited with status 1
configure: failed program was:
| /* confdefs.h.  */
| #define PACKAGE_NAME ""
| #define PACKAGE_TARNAME ""
| #define PACKAGE_VERSION ""
| #define PACKAGE_STRING ""
| #define PACKAGE_BUGREPORT ""
| #define PACKAGE "libsmi"
| #define VERSION "0.4.8"
| #define MAX_LEX_DEPTH 30
| #define DEFAULT_ERRORLEVEL 3
| /* end confdefs.h.  */
| #include <stdio.h>
|   main() {
|   #ifdef __SUNPRO_C
|         exit(0);
|   #else
|         exit(1);
|   #endif
|   }
| 
configure:3628: checking for strtoll
configure:3684: gcc -o conftest -g -O2    conftest.c  >&5
configure:3690: $? = 0
configure:3708: result: yes
configure:3628: checking for strtoull
configure:3684: gcc -o conftest -g -O2    conftest.c  >&5
configure:3690: $? = 0
configure:3708: result: yes
configure:3628: checking for strtoq
configure:3684: gcc -o conftest -g -O2    conftest.c  >&5
configure:3690: $? = 0
configure:3708: result: yes
configure:3628: checking for strtouq
configure:3684: gcc -o conftest -g -O2    conftest.c  >&5
configure:3690: $? = 0
configure:3708: result: yes
configure:3723: checking for timegm
configure:3779: gcc -o conftest -g -O2    conftest.c  >&5
configure:3785: $? = 0
configure:3803: result: yes
configure:3823: checking for vsnprintf
configure:3879: gcc -o conftest -g -O2    conftest.c  >&5
conftest.c:40:6: warning: conflicting types for built-in function 'vsnprintf' [enabled by default]
 char vsnprintf ();
      ^
configure:3885: $? = 0
configure:3903: result: yes
configure:3823: checking for snprintf
configure:3879: gcc -o conftest -g -O2    conftest.c  >&5
conftest.c:41:6: warning: conflicting types for built-in function 'snprintf' [enabled by default]
 char snprintf ();
      ^
configure:3885: $? = 0
configure:3903: result: yes
configure:3823: checking for asprintf
configure:3879: gcc -o conftest -g -O2    conftest.c  >&5
configure:3885: $? = 0
configure:3903: result: yes
configure:3823: checking for asnprintf
configure:3879: gcc -o conftest -g -O2    conftest.c  >&5
/tmp/cc8pGKKz.o: In function `main':
/home/vertexclique/Downloads/snmpb-0.8/libsmi/conftest.c:54: undefined reference to `asnprintf'
collect2: error: ld returned 1 exit status
configure:3885: $? = 1
configure: failed program was:
| /* confdefs.h.  */
| #define PACKAGE_NAME ""
| #define PACKAGE_TARNAME ""
| #define PACKAGE_VERSION ""
| #define PACKAGE_STRING ""
| #define PACKAGE_BUGREPORT ""
| #define PACKAGE "libsmi"
| #define VERSION "0.4.8"
| #define MAX_LEX_DEPTH 30
| #define DEFAULT_ERRORLEVEL 3
| #define HAVE_STRTOLL 1
| #define HAVE_STRTOULL 1
| #define HAVE_STRTOQ 1
| #define HAVE_STRTOUQ 1
| #define HAVE_TIMEGM 1
| #define HAVE_VSNPRINTF 1
| #define HAVE_SNPRINTF 1
| #define HAVE_ASPRINTF 1
| /* end confdefs.h.  */
| /* Define asnprintf to an innocuous variant, in case <limits.h> declares asnprintf.
|    For example, HP-UX 11i <limits.h> declares gettimeofday.  */
| #define asnprintf innocuous_asnprintf
| 
| /* System header to define __stub macros and hopefully few prototypes,
|     which can conflict with char asnprintf (); below.
|     Prefer <limits.h> to <assert.h> if __STDC__ is defined, since
|     <limits.h> exists even on freestanding compilers.  */
| 
| #ifdef __STDC__
| # include <limits.h>
| #else
| # include <assert.h>
| #endif
| 
| #undef asnprintf
| 
| /* Override any GCC internal prototype to avoid an error.
|    Use char because int might match the return type of a GCC
|    builtin and then its argument prototype would still apply.  */
| #ifdef __cplusplus
| extern "C"
| #endif
| char asnprintf ();
| /* The GNU C library defines this for functions which it implements
|     to always fail with ENOSYS.  Some functions are actually named
|     something starting with __ and the normal name is an alias.  */
| #if defined __stub_asnprintf || defined __stub___asnprintf
| choke me
| #endif
| 
| int
| main ()
| {
| return asnprintf ();
|   ;
|   return 0;
| }
configure:3903: result: no
configure:3823: checking for vasprintf
configure:3879: gcc -o conftest -g -O2    conftest.c  >&5
configure:3885: $? = 0
configure:3903: result: yes
configure:3823: checking for vasnprintf
configure:3879: gcc -o conftest -g -O2    conftest.c  >&5
/tmp/ccuDvrCL.o: In function `main':
/home/vertexclique/Downloads/snmpb-0.8/libsmi/conftest.c:55: undefined reference to `vasnprintf'
collect2: error: ld returned 1 exit status
configure:3885: $? = 1
configure: failed program was:
| /* confdefs.h.  */
| #define PACKAGE_NAME ""
| #define PACKAGE_TARNAME ""
| #define PACKAGE_VERSION ""
| #define PACKAGE_STRING ""
| #define PACKAGE_BUGREPORT ""
| #define PACKAGE "libsmi"
| #define VERSION "0.4.8"
| #define MAX_LEX_DEPTH 30
| #define DEFAULT_ERRORLEVEL 3
| #define HAVE_STRTOLL 1
| #define HAVE_STRTOULL 1
| #define HAVE_STRTOQ 1
| #define HAVE_STRTOUQ 1
| #define HAVE_TIMEGM 1
| #define HAVE_VSNPRINTF 1
| #define HAVE_SNPRINTF 1
| #define HAVE_ASPRINTF 1
| #define HAVE_VASPRINTF 1
| /* end confdefs.h.  */
| /* Define vasnprintf to an innocuous variant, in case <limits.h> declares vasnprintf.
|    For example, HP-UX 11i <limits.h> declares gettimeofday.  */
| #define vasnprintf innocuous_vasnprintf
| 
| /* System header to define __stub macros and hopefully few prototypes,
|     which can conflict with char vasnprintf (); below.
|     Prefer <limits.h> to <assert.h> if __STDC__ is defined, since
|     <limits.h> exists even on freestanding compilers.  */
| 
| #ifdef __STDC__
| # include <limits.h>
| #else
| # include <assert.h>
| #endif
| 
| #undef vasnprintf
| 
| /* Override any GCC internal prototype to avoid an error.
|    Use char because int might match the return type of a GCC
|    builtin and then its argument prototype would still apply.  */
| #ifdef __cplusplus
| extern "C"
| #endif
| char vasnprintf ();
| /* The GNU C library defines this for functions which it implements
|     to always fail with ENOSYS.  Some functions are actually named
|     something starting with __ and the normal name is an alias.  */
| #if defined __stub_vasnprintf || defined __stub___vasnprintf
| choke me
| #endif
| 
| int
| main ()
| {
| return vasnprintf ();
|   ;
|   return 0;
| }
configure:3903: result: no
configure:3919: checking how to run the C preprocessor
configure:3959: gcc -E  conftest.c
configure:3965: $? = 0
configure:3996: gcc -E  conftest.c
conftest.c:21:28: fatal error: ac_nonexistent.h: No such file or directory
 #include <ac_nonexistent.h>
                            ^
compilation terminated.
configure:4002: $? = 1
configure: failed program was:
| /* confdefs.h.  */
| #define PACKAGE_NAME ""
| #define PACKAGE_TARNAME ""
| #define PACKAGE_VERSION ""
| #define PACKAGE_STRING ""
| #define PACKAGE_BUGREPORT ""
| #define PACKAGE "libsmi"
| #define VERSION "0.4.8"
| #define MAX_LEX_DEPTH 30
| #define DEFAULT_ERRORLEVEL 3
| #define HAVE_STRTOLL 1
| #define HAVE_STRTOULL 1
| #define HAVE_STRTOQ 1
| #define HAVE_STRTOUQ 1
| #define HAVE_TIMEGM 1
| #define HAVE_VSNPRINTF 1
| #define HAVE_SNPRINTF 1
| #define HAVE_ASPRINTF 1
| #define HAVE_VASPRINTF 1
| /* end confdefs.h.  */
| #include <ac_nonexistent.h>
configure:4035: result: gcc -E
configure:4064: gcc -E  conftest.c
configure:4070: $? = 0
configure:4101: gcc -E  conftest.c
conftest.c:21:28: fatal error: ac_nonexistent.h: No such file or directory
 #include <ac_nonexistent.h>
                            ^
compilation terminated.
configure:4107: $? = 1
configure: failed program was:
| /* confdefs.h.  */
| #define PACKAGE_NAME ""
| #define PACKAGE_TARNAME ""
| #define PACKAGE_VERSION ""
| #define PACKAGE_STRING ""
| #define PACKAGE_BUGREPORT ""
| #define PACKAGE "libsmi"
| #define VERSION "0.4.8"
| #define MAX_LEX_DEPTH 30
| #define DEFAULT_ERRORLEVEL 3
| #define HAVE_STRTOLL 1
| #define HAVE_STRTOULL 1
| #define HAVE_STRTOQ 1
| #define HAVE_STRTOUQ 1
| #define HAVE_TIMEGM 1
| #define HAVE_VSNPRINTF 1
| #define HAVE_SNPRINTF 1
| #define HAVE_ASPRINTF 1
| #define HAVE_VASPRINTF 1
| /* end confdefs.h.  */
| #include <ac_nonexistent.h>
configure:4145: checking for grep that handles long lines and -e
configure:4219: result: /bin/grep
configure:4224: checking for egrep
configure:4302: result: /bin/grep -E
configure:4307: checking for ANSI C header files
configure:4337: gcc -c -g -O2   conftest.c >&5
configure:4343: $? = 0
configure:4442: gcc -o conftest -g -O2    conftest.c  >&5
configure:4445: $? = 0
configure:4451: ./conftest
configure:4454: $? = 0
configure:4471: result: yes
configure:4495: checking for sys/types.h
configure:4516: gcc -c -g -O2   conftest.c >&5
configure:4522: $? = 0
configure:4538: result: yes
configure:4495: checking for sys/stat.h
configure:4516: gcc -c -g -O2   conftest.c >&5
configure:4522: $? = 0
configure:4538: result: yes
configure:4495: checking for stdlib.h
configure:4516: gcc -c -g -O2   conftest.c >&5
configure:4522: $? = 0
configure:4538: result: yes
configure:4495: checking for string.h
configure:4516: gcc -c -g -O2   conftest.c >&5
configure:4522: $? = 0
configure:4538: result: yes
configure:4495: checking for memory.h
configure:4516: gcc -c -g -O2   conftest.c >&5
configure:4522: $? = 0
configure:4538: result: yes
configure:4495: checking for strings.h
configure:4516: gcc -c -g -O2   conftest.c >&5
configure:4522: $? = 0
configure:4538: result: yes
configure:4495: checking for inttypes.h
configure:4516: gcc -c -g -O2   conftest.c >&5
configure:4522: $? = 0
configure:4538: result: yes
configure:4495: checking for stdint.h
configure:4516: gcc -c -g -O2   conftest.c >&5
configure:4522: $? = 0
configure:4538: result: yes
configure:4495: checking for unistd.h
configure:4516: gcc -c -g -O2   conftest.c >&5
configure:4522: $? = 0
configure:4538: result: yes
configure:4569: checking pwd.h usability
configure:4586: gcc -c -g -O2   conftest.c >&5
configure:4592: $? = 0
configure:4606: result: yes
configure:4610: checking pwd.h presence
configure:4625: gcc -E  conftest.c
configure:4631: $? = 0
configure:4645: result: yes
configure:4673: checking for pwd.h
configure:4681: result: yes
configure:4559: checking for unistd.h
configure:4565: result: yes
configure:4569: checking regex.h usability
configure:4586: gcc -c -g -O2   conftest.c >&5
configure:4592: $? = 0
configure:4606: result: yes
configure:4610: checking regex.h presence
configure:4625: gcc -E  conftest.c
configure:4631: $? = 0
configure:4645: result: yes
configure:4673: checking for regex.h
configure:4681: result: yes
configure:4559: checking for stdint.h
configure:4565: result: yes
configure:4569: checking limits.h usability
configure:4586: gcc -c -g -O2   conftest.c >&5
configure:4592: $? = 0
configure:4606: result: yes
configure:4610: checking limits.h presence
configure:4625: gcc -E  conftest.c
configure:4631: $? = 0
configure:4645: result: yes
configure:4673: checking for limits.h
configure:4681: result: yes
configure:4696: checking for regexec in -lc
configure:4731: gcc -o conftest -g -O2    conftest.c -lc   >&5
configure:4737: $? = 0
configure:4755: result: yes
configure:4953: checking for path separator character
configure:5011: checking for dir separator character
configure:5082: checking for 64 bit types
configure:5117: gcc -o conftest -g -O2    conftest.c  >&5
conftest.c: In function 'main':
conftest.c:43:4: warning: incompatible implicit declaration of built-in function 'exit' [enabled by default]
    exit(0);
    ^
configure:5120: $? = 0
configure:5126: ./conftest
configure:5129: $? = 0
configure:5221: checking for flex
configure:5254: result: no
configure:5265: checking for bison
configure:5283: found /usr/bin/bison
configure:5295: result: /usr/bin/bison
configure:5309: checking for bash
configure:5339: result: /bin/bash
configure:5349: checking for sh
configure:5367: found /bin/sh
configure:5379: result: /bin/sh
configure:5389: checking for awk
configure:5407: found /usr/bin/awk
configure:5419: result: /usr/bin/awk
configure:5429: checking for wget
configure:5447: found /usr/bin/wget
configure:5459: result: /usr/bin/wget
configure:5472: checking for gdiff
configure:5505: result: no
configure:5472: checking for diff
configure:5490: found /usr/bin/diff
configure:5502: result: /usr/bin/diff
configure:5532: checking for a BSD-compatible install
configure:5588: result: /usr/bin/install -c
configure:5599: checking whether make sets $(MAKE)
configure:5620: result: yes
configure:5707: checking build system type
configure:5725: result: x86_64-unknown-linux-gnu
configure:5747: checking host system type
configure:5762: result: x86_64-unknown-linux-gnu
configure:5784: checking for a sed that does not truncate output
configure:5838: result: /bin/sed
configure:5852: checking for ld used by gcc
configure:5919: result: /usr/bin/ld
configure:5928: checking if the linker (/usr/bin/ld) is GNU ld
configure:5943: result: yes
configure:5948: checking for /usr/bin/ld option to reload object files
configure:5955: result: -r
configure:5973: checking for BSD-compatible nm
configure:6022: result: /usr/bin/nm -B
configure:6026: checking whether ln -s works
configure:6030: result: yes
configure:6037: checking how to recognise dependent libraries
configure:6213: result: pass_all
configure:6299: gcc -c -g -O2   conftest.c >&5
configure:6302: $? = 0
configure:6455: checking dlfcn.h usability
configure:6472: gcc -c -g -O2   conftest.c >&5
configure:6478: $? = 0
configure:6492: result: yes
configure:6496: checking dlfcn.h presence
configure:6511: gcc -E  conftest.c
configure:6517: $? = 0
configure:6531: result: yes
configure:6559: checking for dlfcn.h
configure:6567: result: yes
configure:6638: checking for g++
configure:6654: found /usr/bin/g++
configure:6665: result: g++
configure:6696: checking for C++ compiler version
configure:6703: g++ --version >&5
g++ (Ubuntu 4.8.2-19ubuntu1) 4.8.2
Copyright (C) 2013 Free Software Foundation, Inc.
This is free software; see the source for copying conditions.  There is NO
warranty; not even for MERCHANTABILITY or FITNESS FOR A PARTICULAR PURPOSE.

configure:6706: $? = 0
configure:6713: g++ -v >&5
Using built-in specs.
COLLECT_GCC=g++
COLLECT_LTO_WRAPPER=/usr/lib/gcc/x86_64-linux-gnu/4.8/lto-wrapper
Target: x86_64-linux-gnu
Configured with: ../src/configure -v --with-pkgversion='Ubuntu 4.8.2-19ubuntu1' --with-bugurl=file:///usr/share/doc/gcc-4.8/README.Bugs --enable-languages=c,c++,java,go,d,fortran,objc,obj-c++ --prefix=/usr --program-suffix=-4.8 --enable-shared --enable-linker-build-id --libexecdir=/usr/lib --without-included-gettext --enable-threads=posix --with-gxx-include-dir=/usr/include/c++/4.8 --libdir=/usr/lib --enable-nls --with-sysroot=/ --enable-clocale=gnu --enable-libstdcxx-debug --enable-libstdcxx-time=yes --enable-gnu-unique-object --disable-libmudflap --enable-plugin --with-system-zlib --disable-browser-plugin --enable-java-awt=gtk --enable-gtk-cairo --with-java-home=/usr/lib/jvm/java-1.5.0-gcj-4.8-amd64/jre --enable-java-home --with-jvm-root-dir=/usr/lib/jvm/java-1.5.0-gcj-4.8-amd64 --with-jvm-jar-dir=/usr/lib/jvm-exports/java-1.5.0-gcj-4.8-amd64 --with-arch-directory=amd64 --with-ecj-jar=/usr/share/java/eclipse-ecj.jar --enable-objc-gc --enable-multiarch --disable-werror --with-arch-32=i686 --with-abi=m64 --with-multilib-list=m32,m64,mx32 --with-tune=generic --enable-checking=release --build=x86_64-linux-gnu --host=x86_64-linux-gnu --target=x86_64-linux-gnu
Thread model: posix
gcc version 4.8.2 (Ubuntu 4.8.2-19ubuntu1) 
configure:6716: $? = 0
configure:6723: g++ -V >&5
g++: error: unrecognized command line option '-V'
g++: fatal error: no input files
compilation terminated.
configure:6726: $? = 4
configure:6729: checking whether we are using the GNU C++ compiler
configure:6758: g++ -c   conftest.cpp >&5
configure:6764: $? = 0
configure:6781: result: yes
configure:6786: checking whether g++ accepts -g
configure:6816: g++ -c -g  conftest.cpp >&5
configure:6822: $? = 0
configure:6921: result: yes
configure:6946: checking dependency style of g++
configure:7037: result: gcc3
configure:7062: checking how to run the C++ preprocessor
configure:7098: g++ -E  conftest.cpp
configure:7104: $? = 0
configure:7135: g++ -E  conftest.cpp
conftest.cpp:46:28: fatal error: ac_nonexistent.h: No such file or directory
 #include <ac_nonexistent.h>
                            ^
compilation terminated.
configure:7141: $? = 1
configure: failed program was:
| /* confdefs.h.  */
| #define PACKAGE_NAME ""
| #define PACKAGE_TARNAME ""
| #define PACKAGE_VERSION ""
| #define PACKAGE_STRING ""
| #define PACKAGE_BUGREPORT ""
| #define PACKAGE "libsmi"
| #define VERSION "0.4.8"
| #define MAX_LEX_DEPTH 30
| #define DEFAULT_ERRORLEVEL 3
| #define HAVE_STRTOLL 1
| #define HAVE_STRTOULL 1
| #define HAVE_STRTOQ 1
| #define HAVE_STRTOUQ 1
| #define HAVE_TIMEGM 1
| #define HAVE_VSNPRINTF 1
| #define HAVE_SNPRINTF 1
| #define HAVE_ASPRINTF 1
| #define HAVE_VASPRINTF 1
| #define STDC_HEADERS 1
| #define HAVE_SYS_TYPES_H 1
| #define HAVE_SYS_STAT_H 1
| #define HAVE_STDLIB_H 1
| #define HAVE_STRING_H 1
| #define HAVE_MEMORY_H 1
| #define HAVE_STRINGS_H 1
| #define HAVE_INTTYPES_H 1
| #define HAVE_STDINT_H 1
| #define HAVE_UNISTD_H 1
| #define HAVE_PWD_H 1
| #define HAVE_UNISTD_H 1
| #define HAVE_REGEX_H 1
| #define HAVE_STDINT_H 1
| #define HAVE_LIMITS_H 1
| #define DEFAULT_SMIPATH "/usr/share/apps/snmpb/mibs;/usr/share/apps/snmpb/pibs"
| #define PATH_SEPARATOR ';'
| #define DIR_SEPARATOR '/'
| #define UINT64_FORMAT "%llu"
| #define INT64_FORMAT "%lld"
| #define LIBSMI_UINT64_MAX 18446744073709551615ULL
| #define LIBSMI_INT64_MIN -9223372036854775807LL
| #define LIBSMI_INT64_MAX 9223372036854775807LL
| #define BACKEND_SMI 1
| #define HAVE_DLFCN_H 1
| /* end confdefs.h.  */
| #include <ac_nonexistent.h>
configure:7174: result: g++ -E
configure:7203: g++ -E  conftest.cpp
configure:7209: $? = 0
configure:7240: g++ -E  conftest.cpp
conftest.cpp:46:28: fatal error: ac_nonexistent.h: No such file or directory
 #include <ac_nonexistent.h>
                            ^
compilation terminated.
configure:7246: $? = 1
configure: failed program was:
| /* confdefs.h.  */
| #define PACKAGE_NAME ""
| #define PACKAGE_TARNAME ""
| #define PACKAGE_VERSION ""
| #define PACKAGE_STRING ""
| #define PACKAGE_BUGREPORT ""
| #define PACKAGE "libsmi"
| #define VERSION "0.4.8"
| #define MAX_LEX_DEPTH 30
| #define DEFAULT_ERRORLEVEL 3
| #define HAVE_STRTOLL 1
| #define HAVE_STRTOULL 1
| #define HAVE_STRTOQ 1
| #define HAVE_STRTOUQ 1
| #define HAVE_TIMEGM 1
| #define HAVE_VSNPRINTF 1
| #define HAVE_SNPRINTF 1
| #define HAVE_ASPRINTF 1
| #define HAVE_VASPRINTF 1
| #define STDC_HEADERS 1
| #define HAVE_SYS_TYPES_H 1
| #define HAVE_SYS_STAT_H 1
| #define HAVE_STDLIB_H 1
| #define HAVE_STRING_H 1
| #define HAVE_MEMORY_H 1
| #define HAVE_STRINGS_H 1
| #define HAVE_INTTYPES_H 1
| #define HAVE_STDINT_H 1
| #define HAVE_UNISTD_H 1
| #define HAVE_PWD_H 1
| #define HAVE_UNISTD_H 1
| #define HAVE_REGEX_H 1
| #define HAVE_STDINT_H 1
| #define HAVE_LIMITS_H 1
| #define DEFAULT_SMIPATH "/usr/share/apps/snmpb/mibs;/usr/share/apps/snmpb/pibs"
| #define PATH_SEPARATOR ';'
| #define DIR_SEPARATOR '/'
| #define UINT64_FORMAT "%llu"
| #define INT64_FORMAT "%lld"
| #define LIBSMI_UINT64_MAX 18446744073709551615ULL
| #define LIBSMI_INT64_MIN -9223372036854775807LL
| #define LIBSMI_INT64_MAX 9223372036854775807LL
| #define BACKEND_SMI 1
| #define HAVE_DLFCN_H 1
| /* end confdefs.h.  */
| #include <ac_nonexistent.h>
configure:7339: checking for g77
configure:7369: result: no
configure:7339: checking for xlf
configure:7369: result: no
configure:7339: checking for f77
configure:7369: result: no
configure:7339: checking for frt
configure:7369: result: no
configure:7339: checking for pgf77
configure:7369: result: no
configure:7339: checking for cf77
configure:7369: result: no
configure:7339: checking for fort77
configure:7369: result: no
configure:7339: checking for fl32
configure:7369: result: no
configure:7339: checking for af77
configure:7369: result: no
configure:7339: checking for xlf90
configure:7369: result: no
configure:7339: checking for f90
configure:7369: result: no
configure:7339: checking for pgf90
configure:7369: result: no
configure:7339: checking for pghpf
configure:7369: result: no
configure:7339: checking for epcf90
configure:7369: result: no
configure:7339: checking for gfortran
configure:7369: result: no
configure:7339: checking for g95
configure:7369: result: no
configure:7339: checking for xlf95
configure:7369: result: no
configure:7339: checking for f95
configure:7369: result: no
configure:7339: checking for fort
configure:7369: result: no
configure:7339: checking for ifort
configure:7369: result: no
configure:7339: checking for ifc
configure:7369: result: no
configure:7339: checking for efc
configure:7369: result: no
configure:7339: checking for pgf95
configure:7369: result: no
configure:7339: checking for lf95
configure:7369: result: no
configure:7339: checking for ftn
configure:7369: result: no
configure:7396: checking for Fortran 77 compiler version
configure:7403:  --version >&5
./configure: line 7404: --version: command not found
configure:7406: $? = 127
configure:7413:  -v >&5
./configure: line 7414: -v: command not found
configure:7416: $? = 127
configure:7423:  -V >&5
./configure: line 7424: -V: command not found
configure:7426: $? = 127
configure:7434: checking whether we are using the GNU Fortran 77 compiler
configure:7453:  -c  conftest.F >&5
./configure: line 7454: -c: command not found
configure:7459: $? = 127
configure: failed program was:
|       program main
| #ifndef __GNUC__
|        choke me
| #endif
| 
|       end
configure:7476: result: no
configure:7482: checking whether  accepts -g
configure:7499:  -c -g conftest.f >&5
./configure: line 7500: -c: command not found
configure:7505: $? = 127
configure: failed program was:
|       program main
| 
|       end
configure:7521: result: no
configure:7551: checking the maximum length of command line arguments
configure:7660: result: 32768
configure:7671: checking command to parse /usr/bin/nm -B output from gcc object
configure:7776: gcc -c -g -O2   conftest.c >&5
configure:7779: $? = 0
configure:7783: /usr/bin/nm -B conftest.o \| sed -n -e 's/^.*[ 	]\([ABCDGIRSTW][ABCDGIRSTW]*\)[ 	][ 	]*\([_A-Za-z][_A-Za-z0-9]*\)$/\1 \2 \2/p' \> conftest.nm
configure:7786: $? = 0
configure:7838: gcc -o conftest -g -O2    conftest.c conftstm.o >&5
configure:7841: $? = 0
configure:7879: result: ok
configure:7883: checking for objdir
configure:7898: result: .libs
configure:7990: checking for ar
configure:8006: found /usr/bin/ar
configure:8017: result: ar
configure:8086: checking for ranlib
configure:8102: found /usr/bin/ranlib
configure:8113: result: ranlib
configure:8182: checking for strip
configure:8198: found /usr/bin/strip
configure:8209: result: strip
configure:8495: checking if gcc supports -fno-rtti -fno-exceptions
configure:8513: gcc -c -g -O2   -fno-rtti -fno-exceptions conftest.c >&5
cc1: warning: command line option '-fno-rtti' is valid for C++/ObjC++ but not for C [enabled by default]
configure:8517: $? = 0
configure:8530: result: no
configure:8545: checking for gcc option to produce PIC
configure:8755: result: -fPIC
configure:8763: checking if gcc PIC flag -fPIC works
configure:8781: gcc -c -g -O2   -fPIC -DPIC conftest.c >&5
configure:8785: $? = 0
configure:8798: result: yes
configure:8826: checking if gcc static flag -static works
configure:8854: result: yes
configure:8864: checking if gcc supports -c -o file.o
configure:8885: gcc -c -g -O2   -o out/conftest2.o conftest.c >&5
configure:8889: $? = 0
configure:8911: result: yes
configure:8937: checking whether the gcc linker (/usr/bin/ld -m elf_x86_64) supports shared libraries
configure:9892: result: yes
configure:9959: checking dynamic linker characteristics
configure:10535: result: GNU/Linux ld.so
configure:10544: checking how to hardcode library paths into programs
configure:10569: result: immediate
configure:10583: checking whether stripping libraries is possible
configure:10588: result: yes
configure:11389: checking if libtool supports shared libraries
configure:11391: result: yes
configure:11394: checking whether to build shared libraries
configure:11415: result: no
configure:11418: checking whether to build static libraries
configure:11422: result: yes
configure:11514: creating libtool
configure:12102: checking for ld used by g++
configure:12169: result: /usr/bin/ld -m elf_x86_64
configure:12178: checking if the linker (/usr/bin/ld -m elf_x86_64) is GNU ld
configure:12193: result: yes
configure:12244: checking whether the g++ linker (/usr/bin/ld -m elf_x86_64) supports shared libraries
configure:13178: result: yes
configure:13196: g++ -c -g -O2  conftest.cpp >&5
configure:13199: $? = 0
configure:13318: checking for g++ option to produce PIC
configure:13592: result: -fPIC
configure:13600: checking if g++ PIC flag -fPIC works
configure:13618: g++ -c -g -O2  -fPIC -DPIC conftest.cpp >&5
configure:13622: $? = 0
configure:13635: result: yes
configure:13663: checking if g++ static flag -static works
configure:13691: result: yes
configure:13701: checking if g++ supports -c -o file.o
configure:13722: g++ -c -g -O2  -o out/conftest2.o conftest.cpp >&5
configure:13726: $? = 0
configure:13748: result: yes
configure:13774: checking whether the g++ linker (/usr/bin/ld -m elf_x86_64) supports shared libraries
configure:13802: result: yes
configure:13869: checking dynamic linker characteristics
configure:14445: result: GNU/Linux ld.so
configure:14454: checking how to hardcode library paths into programs
configure:14479: result: immediate
configure:20767: creating ./config.status

## ---------------------- ##
## Running config.status. ##
## ---------------------- ##

This file was extended by config.status, which was
generated by GNU Autoconf 2.61.  Invocation command line was

  CONFIG_FILES    = 
  CONFIG_HEADERS  = 
  CONFIG_LINKS    = 
  CONFIG_COMMANDS = 
  $ ./config.status 

on mahmutbulut

config.status:766: creating Makefile
config.status:766: creating lib/Makefile
config.status:766: creating tools/Makefile
config.status:766: creating mibs/Makefile
config.status:766: creating mibs/iana/Makefile
config.status:766: creating mibs/ietf/Makefile
config.status:766: creating mibs/irtf/Makefile
config.status:766: creating mibs/tubs/Makefile
config.status:766: creating mibs/site/Makefile
config.status:766: creating pibs/Makefile
config.status:766: creating pibs/ietf/Makefile
config.status:766: creating pibs/tubs/Makefile
config.status:766: creating pibs/site/Makefile
config.status:766: creating test/Makefile
config.status:766: creating test/mibs/Makefile
config.status:766: creating test/smidiff/Makefile
config.status:766: creating test/dumps/Makefile
config.status:766: creating test/dumps/corba/Makefile
config.status:766: creating test/dumps/imports/Makefile
config.status:766: creating test/dumps/jax/Makefile
config.status:766: creating test/dumps/netsnmp/Makefile
config.status:766: creating test/dumps/mosy/Makefile
config.status:766: creating test/dumps/orig-smiv2/Makefile
config.status:766: creating test/dumps/smilint-smiv2/Makefile
config.status:766: creating test/dumps/sming/Makefile
config.status:766: creating test/dumps/smiv1/Makefile
config.status:766: creating test/dumps/smiv2/Makefile
config.status:766: creating test/dumps/smiv2-smiv2/Makefile
config.status:766: creating test/dumps/tree/Makefile
config.status:766: creating test/dumps/types/Makefile
config.status:766: creating test/dumps/identifiers/Makefile
config.status:766: creating test/dumps/metrics/Makefile
config.status:766: creating test/dumps/xml/Makefile
config.status:766: creating test/dumps/cm/Makefile
config.status:766: creating test/dumps/python/Makefile
config.status:766: creating test/dumps/yang/Makefile
config.status:766: creating doc/Makefile
config.status:766: creating lib/smi.h
config.status:766: creating lib/libsmi.3
config.status:766: creating lib/smi_macro.3
config.status:766: creating lib/smi_module.3
config.status:766: creating lib/smi_node.3
config.status:766: creating lib/smi_type.3
config.status:766: creating lib/smi_config.3
config.status:766: creating lib/smi_render.3
config.status:766: creating lib/smi_util.3
config.status:766: creating lib/smi_class.3
config.status:766: creating lib/smi_attribute.3
config.status:766: creating lib/smi_event.3
config.status:766: creating lib/smi_identity.3
config.status:766: creating tools/smistrip
config.status:766: creating tools/smicache
config.status:766: creating tools/smiquery.1
config.status:766: creating tools/smilint.1
config.status:766: creating tools/smidump.1
config.status:766: creating tools/smidiff.1
config.status:766: creating tools/smistrip.1
config.status:766: creating tools/smicache.1
config.status:766: creating tools/smixlate.1
config.status:766: creating tools/mib2svg.cgi
config.status:766: creating test/parser.test
config.status:766: creating test/smidump-corba.test
config.status:766: creating test/smidump-jax.test
config.status:766: creating test/smidump-netsnmp.test
config.status:766: creating test/smidump-imports.test
config.status:766: creating test/smidump-mosy.test
config.status:766: creating test/smidump-orig-smiv2.test
config.status:766: creating test/smidump-sming.test
config.status:766: creating test/smidump-yang.test
config.status:766: creating test/smidump-smiv1.test
config.status:766: creating test/smidump-smiv2-smiv2.test
config.status:766: creating test/smidump-smiv2.test
config.status:766: creating test/smidump-tree.test
config.status:766: creating test/smidump-types.test
config.status:766: creating test/smidump-identifiers.test
config.status:766: creating test/smidump-metrics.test
config.status:766: creating test/smidump-xml.test
config.status:766: creating test/smidump-cm.test
config.status:766: creating test/smidump-python.test
config.status:766: creating test/smilint-smiv2.test
config.status:766: creating test/smidiff.test
config.status:766: creating libsmi.pc
config.status:766: creating win/config.h
config.status:766: creating config.h
config.status:1020: config.h is unchanged
config.status:1066: executing depfiles commands
config.status:1066: executing default commands

## ---------------- ##
## Cache variables. ##
## ---------------- ##

ac_cv_build=x86_64-unknown-linux-gnu
ac_cv_c_compiler_gnu=yes
ac_cv_cxx_compiler_gnu=yes
ac_cv_env_CCC_set=
ac_cv_env_CCC_value=
ac_cv_env_CC_set=
ac_cv_env_CC_value=
ac_cv_env_CFLAGS_set=
ac_cv_env_CFLAGS_value=
ac_cv_env_CPPFLAGS_set=
ac_cv_env_CPPFLAGS_value=
ac_cv_env_CPP_set=
ac_cv_env_CPP_value=
ac_cv_env_CXXCPP_set=
ac_cv_env_CXXCPP_value=
ac_cv_env_CXXFLAGS_set=
ac_cv_env_CXXFLAGS_value=
ac_cv_env_CXX_set=
ac_cv_env_CXX_value=
ac_cv_env_F77_set=
ac_cv_env_F77_value=
ac_cv_env_FFLAGS_set=
ac_cv_env_FFLAGS_value=
ac_cv_env_LDFLAGS_set=
ac_cv_env_LDFLAGS_value=
ac_cv_env_LIBS_set=
ac_cv_env_LIBS_value=
ac_cv_env_build_alias_set=
ac_cv_env_build_alias_value=
ac_cv_env_host_alias_set=
ac_cv_env_host_alias_value=
ac_cv_env_target_alias_set=
ac_cv_env_target_alias_value=
ac_cv_f77_compiler_gnu=no
ac_cv_func_asnprintf=no
ac_cv_func_asprintf=yes
ac_cv_func_snprintf=yes
ac_cv_func_strtoll=yes
ac_cv_func_strtoq=yes
ac_cv_func_strtoull=yes
ac_cv_func_strtouq=yes
ac_cv_func_timegm=yes
ac_cv_func_vasnprintf=no
ac_cv_func_vasprintf=yes
ac_cv_func_vsnprintf=yes
ac_cv_header_dlfcn_h=yes
ac_cv_header_inttypes_h=yes
ac_cv_header_limits_h=yes
ac_cv_header_memory_h=yes
ac_cv_header_pwd_h=yes
ac_cv_header_regex_h=yes
ac_cv_header_stdc=yes
ac_cv_header_stdint_h=yes
ac_cv_header_stdlib_h=yes
ac_cv_header_string_h=yes
ac_cv_header_strings_h=yes
ac_cv_header_sys_stat_h=yes
ac_cv_header_sys_types_h=yes
ac_cv_header_unistd_h=yes
ac_cv_host=x86_64-unknown-linux-gnu
ac_cv_lib_c_regexec=yes
ac_cv_objext=o
ac_cv_path_AWK=/usr/bin/awk
ac_cv_path_BASH=/bin/bash
ac_cv_path_BISON=/usr/bin/bison
ac_cv_path_DIFF=/usr/bin/diff
ac_cv_path_EGREP='/bin/grep -E'
ac_cv_path_GREP=/bin/grep
ac_cv_path_SH=/bin/sh
ac_cv_path_WGET=/usr/bin/wget
ac_cv_path_install='/usr/bin/install -c'
ac_cv_path_mkdir=/bin/mkdir
ac_cv_prog_AWK=gawk
ac_cv_prog_CPP='gcc -E'
ac_cv_prog_CXXCPP='g++ -E'
ac_cv_prog_ac_ct_AR=ar
ac_cv_prog_ac_ct_CC=gcc
ac_cv_prog_ac_ct_CXX=g++
ac_cv_prog_ac_ct_RANLIB=ranlib
ac_cv_prog_ac_ct_STRIP=strip
ac_cv_prog_cc_c89=
ac_cv_prog_cc_g=yes
ac_cv_prog_cxx_g=yes
ac_cv_prog_f77_g=no
ac_cv_prog_make_make_set=yes
am_cv_CC_dependencies_compiler_type=gcc3
am_cv_CXX_dependencies_compiler_type=gcc3
lt_cv_deplibs_check_method=pass_all
lt_cv_file_magic_cmd='$MAGIC_CMD'
lt_cv_file_magic_test_file=
lt_cv_ld_reload_flag=-r
lt_cv_objdir=.libs
lt_cv_path_LD=/usr/bin/ld
lt_cv_path_LDCXX='/usr/bin/ld -m elf_x86_64'
lt_cv_path_NM='/usr/bin/nm -B'
lt_cv_path_SED=/bin/sed
lt_cv_prog_compiler_c_o=yes
lt_cv_prog_compiler_c_o_CXX=yes
lt_cv_prog_compiler_rtti_exceptions=no
lt_cv_prog_gnu_ld=yes
lt_cv_prog_gnu_ldcxx=yes
lt_cv_sys_global_symbol_pipe='sed -n -e '\''s/^.*[ 	]\([ABCDGIRSTW][ABCDGIRSTW]*\)[ 	][ 	]*\([_A-Za-z][_A-Za-z0-9]*\)$/\1 \2 \2/p'\'''
lt_cv_sys_global_symbol_to_c_name_address='sed -n -e '\''s/^: \([^ ]*\) $/  {\"\1\", (lt_ptr) 0},/p'\'' -e '\''s/^[BCDEGRST] \([^ ]*\) \([^ ]*\)$/  {"\2", (lt_ptr) \&\2},/p'\'''
lt_cv_sys_global_symbol_to_cdecl='sed -n -e '\''s/^. .* \(.*\)$/extern int \1;/p'\'''
lt_cv_sys_max_cmd_len=32768
lt_lt_cv_prog_compiler_c_o='"yes"'
lt_lt_cv_prog_compiler_c_o_CXX='"yes"'
lt_lt_cv_sys_global_symbol_pipe='"sed -n -e '\''s/^.*[ 	]\\([ABCDGIRSTW][ABCDGIRSTW]*\\)[ 	][ 	]*\\([_A-Za-z][_A-Za-z0-9]*\\)\$/\\1 \\2 \\2/p'\''"'
lt_lt_cv_sys_global_symbol_to_c_name_address='"sed -n -e '\''s/^: \\([^ ]*\\) \$/  {\\\"\\1\\\", (lt_ptr) 0},/p'\'' -e '\''s/^[BCDEGRST] \\([^ ]*\\) \\([^ ]*\\)\$/  {\"\\2\", (lt_ptr) \\&\\2},/p'\''"'
lt_lt_cv_sys_global_symbol_to_cdecl='"sed -n -e '\''s/^. .* \\(.*\\)\$/extern int \\1;/p'\''"'

## ----------------- ##
## Output variables. ##
## ----------------- ##

ACLOCAL='${SHELL} /home/vertexclique/Downloads/snmpb-0.8/libsmi/missing --run aclocal-1.10'
AMDEPBACKSLASH='\'
AMDEP_FALSE='#'
AMDEP_TRUE=''
AMTAR='${SHELL} /home/vertexclique/Downloads/snmpb-0.8/libsmi/missing --run tar'
AR='ar'
AUTOCONF='${SHELL} /home/vertexclique/Downloads/snmpb-0.8/libsmi/missing --run autoconf'
AUTOHEADER='${SHELL} /home/vertexclique/Downloads/snmpb-0.8/libsmi/missing --run autoheader'
AUTOMAKE='${SHELL} /home/vertexclique/Downloads/snmpb-0.8/libsmi/missing --run automake-1.10'
AWK='/usr/bin/awk'
BASH='/bin/bash'
BISON='/usr/bin/bison'
CC='gcc'
CCDEPMODE='depmode=gcc3'
CFLAGS='-g -O2 '
CPP='gcc -E'
CPPFLAGS=''
CXX='g++'
CXXCPP='g++ -E'
CXXDEPMODE='depmode=gcc3'
CXXFLAGS='-g -O2'
CYGPATH_W='echo'
DEFS='-DHAVE_CONFIG_H'
DEPDIR='.deps'
DIFF='/usr/bin/diff --ignore-matching-lines='\''generated by smidump'\'' --ignore-matching-lines='\''$Id.*$'\'' --ignore-matching-lines='\''@author.*smidump'\'''
ECHO='echo'
ECHO_C=''
ECHO_N='-n'
ECHO_T=''
EGREP='/bin/grep -E'
EXEEXT=''
F77=''
FFLAGS=''
FLEX=''
GREP='/bin/grep'
INSTALL_DATA='${INSTALL} -m 644'
INSTALL_PROGRAM='${INSTALL}'
INSTALL_SCRIPT='${INSTALL}'
INSTALL_STRIP_PROGRAM='$(install_sh) -c -s'
INT64_TYPE='long long'
LDFLAGS=''
LIBOBJS=''
LIBS=''
LIBSMI_MAJOR='0'
LIBSMI_MINOR='4'
LIBSMI_PATCHLEVEL='8'
LIBTOOL='$(SHELL) $(top_builddir)/libtool'
LIBTOOL_AGE='0'
LIBTOOL_DEPS='./ltmain.sh'
LIBTOOL_REVISION='27'
LIBTOOL_VERSION='2'
LN_S='ln -s'
LTLIBOBJS=''
MAKEINFO='${SHELL} /home/vertexclique/Downloads/snmpb-0.8/libsmi/missing --run makeinfo'
OBJEXT='o'
PACKAGE='libsmi'
PACKAGE_BUGREPORT=''
PACKAGE_NAME=''
PACKAGE_STRING=''
PACKAGE_TARNAME=''
PACKAGE_VERSION=''
PATH_SEPARATOR=':'
RANLIB='ranlib'
SET_MAKE=''
SH='/bin/sh'
SHELL='/bin/bash'
STATIC='-static'
STRIP='strip'
UINT64_TYPE='unsigned long long'
VERSION='0.4.8'
VERSION_LIBTOOL='2:27:0'
VERSION_STRING='0.4.8'
WGET='/usr/bin/wget'
ac_ct_CC='gcc'
ac_ct_CXX='g++'
ac_ct_F77=''
am__fastdepCC_FALSE='#'
am__fastdepCC_TRUE=''
am__fastdepCXX_FALSE='#'
am__fastdepCXX_TRUE=''
am__include='include'
am__isrc=''
am__leading_dot='.'
am__quote=''
am__tar='${AMTAR} chof - "$$tardir"'
am__untar='${AMTAR} xf -'
bindir='${exec_prefix}/bin'
build='x86_64-unknown-linux-gnu'
build_alias=''
build_cpu='x86_64'
build_os='linux-gnu'
build_vendor='unknown'
datadir='${datarootdir}'
datarootdir='${prefix}/share'
docdir='${datarootdir}/doc/${PACKAGE}'
dvidir='${docdir}'
exec_prefix='${prefix}'
host='x86_64-unknown-linux-gnu'
host_alias=''
host_cpu='x86_64'
host_os='linux-gnu'
host_vendor='unknown'
htmldir='${docdir}'
includedir='${prefix}/include'
infodir='${datarootdir}/info'
install_sh='$(SHELL) /home/vertexclique/Downloads/snmpb-0.8/libsmi/install-sh'
libdir='${exec_prefix}/lib'
libexecdir='${exec_prefix}/libexec'
localedir='${datarootdir}/locale'
localstatedir='${prefix}/var'
mandir='${datarootdir}/man'
mibdir='/usr/local/share/mibs'
mkdir_p='/bin/mkdir -p'
oldincludedir='/usr/include'
pdfdir='${docdir}'
pibdir='/usr/local/share/pibs'
prefix='/usr/local'
program_transform_name='s,x,x,'
psdir='${docdir}'
sbindir='${exec_prefix}/sbin'
sharedstatedir='${prefix}/com'
smipath='/usr/share/apps/snmpb/mibs;/usr/share/apps/snmpb/pibs'
srcdir='.'
sysconfdir='${prefix}/etc'
target_alias=''

## ----------- ##
## confdefs.h. ##
## ----------- ##

#define PACKAGE_NAME ""
#define PACKAGE_TARNAME ""
#define PACKAGE_VERSION ""
#define PACKAGE_STRING ""
#define PACKAGE_BUGREPORT ""
#define PACKAGE "libsmi"
#define VERSION "0.4.8"
#define MAX_LEX_DEPTH 30
#define DEFAULT_ERRORLEVEL 3
#define HAVE_STRTOLL 1
#define HAVE_STRTOULL 1
#define HAVE_STRTOQ 1
#define HAVE_STRTOUQ 1
#define HAVE_TIMEGM 1
#define HAVE_VSNPRINTF 1
#define HAVE_SNPRINTF 1
#define HAVE_ASPRINTF 1
#define HAVE_VASPRINTF 1
#define STDC_HEADERS 1
#define HAVE_SYS_TYPES_H 1
#define HAVE_SYS_STAT_H 1
#define HAVE_STDLIB_H 1
#define HAVE_STRING_H 1
#define HAVE_MEMORY_H 1
#define HAVE_STRINGS_H 1
#define HAVE_INTTYPES_H 1
#define HAVE_STDINT_H 1
#define HAVE_UNISTD_H 1
#define HAVE_PWD_H 1
#define HAVE_UNISTD_H 1
#define HAVE_REGEX_H 1
#define HAVE_STDINT_H 1
#define HAVE_LIMITS_H 1
#define DEFAULT_SMIPATH "/usr/share/apps/snmpb/mibs;/usr/share/apps/snmpb/pibs"
#define PATH_SEPARATOR ';'
#define DIR_SEPARATOR '/'
#define UINT64_FORMAT "%llu"
#define INT64_FORMAT "%lld"
#define LIBSMI_UINT64_MAX 18446744073709551615ULL
#define LIBSMI_INT64_MIN -9223372036854775807LL
#define LIBSMI_INT64_MAX 9223372036854775807LL
#define BACKEND_SMI 1
#define HAVE_DLFCN_H 1
#define DEFAULT_GLOBALCONFIG "${prefix}/etc/smi.conf"
#define DEFAULT_USERCONFIG ".smirc"

configure: exit 0
